<?xml version="1.0" encoding="UTF-8"?>
<!-- Generated by org.testng.reporters.JUnitReportReporter -->
<testsuite skipped="0" hostname="Djole-Laptop" name="d08_02_Tests.FormTest" tests="1" failures="0" timestamp="2022-02-10T16:39:40 CET" time="53.535" errors="0">
  <testcase name="checkForm" time="53.535" classname="d08_02_Tests.FormTest"/>
  <system-out/>
</testsuite> <!-- d08_02_Tests.FormTest -->
