<?xml version="1.0" encoding="UTF-8"?>
<!-- Generated by org.testng.reporters.JUnitReportReporter -->
<testsuite skipped="0" hostname="Djole-Laptop" name="d07_02_Tests.KatalonTest" tests="1" failures="0" timestamp="2022-02-10T15:00:01 CET" time="19.145" errors="0">
  <testcase name="AddRemoveProductsCart" time="19.145" classname="d07_02_Tests.KatalonTest"/>
  <system-out/>
</testsuite> <!-- d07_02_Tests.KatalonTest -->
