<?xml version="1.0" encoding="UTF-8"?>
<!-- Generated by org.testng.reporters.JUnitReportReporter -->
<testsuite skipped="0" hostname="Djole-Laptop" name="ApacheDemo.ApacheDemo" tests="1" failures="0" timestamp="2022-02-10T15:36:12 CET" time="0.672" errors="0">
  <testcase name="ApacheDemoTest" time="0.672" classname="ApacheDemo.ApacheDemo"/>
  <system-out/>
</testsuite> <!-- ApacheDemo.ApacheDemo -->
