<?xml version="1.0" encoding="UTF-8"?>
<!-- Generated by org.testng.reporters.JUnitReportReporter -->
<testsuite skipped="0" hostname="Djole-Laptop" name="d07_02_Tests.FormTest" tests="1" failures="0" timestamp="2022-02-10T13:14:39 CET" time="5.893" errors="0">
  <testcase name="checkForm" time="5.893" classname="d07_02_Tests.FormTest"/>
  <system-out/>
</testsuite> <!-- d07_02_Tests.FormTest -->
